  [1m[35m (7.0ms)[0m  [1m[35mSET NAMES utf8mb4,  @@SESSION.sql_mode = CONCAT(CONCAT(@@sql_mode, ',STRICT_ALL_TABLES'), ',NO_AUTO_VALUE_ON_ZERO'),  @@SESSION.sql_auto_is_null = 0, @@SESSION.wait_timeout = 2147483[0m
  [1m[35m (8.6ms)[0m  [1m[35mCREATE DATABASE `api_test_development` DEFAULT CHARACTER SET `utf8mb4`[0m
  [1m[35m (1.6ms)[0m  [1m[35mSET NAMES utf8mb4,  @@SESSION.sql_mode = CONCAT(CONCAT(@@sql_mode, ',STRICT_ALL_TABLES'), ',NO_AUTO_VALUE_ON_ZERO'),  @@SESSION.sql_auto_is_null = 0, @@SESSION.wait_timeout = 2147483[0m
  [1m[35m (1.8ms)[0m  [1m[35mCREATE DATABASE `api_test_test` DEFAULT CHARACTER SET `utf8mb4`[0m
  [1m[35m (0.3ms)[0m  [1m[35mSET NAMES utf8mb4,  @@SESSION.sql_mode = CONCAT(CONCAT(@@sql_mode, ',STRICT_ALL_TABLES'), ',NO_AUTO_VALUE_ON_ZERO'),  @@SESSION.sql_auto_is_null = 0, @@SESSION.wait_timeout = 2147483[0m
  [1m[35m (5.6ms)[0m  [1m[34mSELECT GET_LOCK('7621057725905400000', 0)[0m
  [1m[35m (0.4ms)[0m  [1m[34mSELECT `schema_migrations`.`version` FROM `schema_migrations` ORDER BY `schema_migrations`.`version` ASC[0m
Migrating to CreateProducts (20200216015333)
  [1m[35m (3.4ms)[0m  [1m[34mSELECT @@innodb_file_per_table = 1 AND @@innodb_file_format = 'Barracuda'[0m
  [1m[35m (5.1ms)[0m  [1m[35mCREATE TABLE `products` (`id` bigint NOT NULL AUTO_INCREMENT PRIMARY KEY, `product` text, `created_at` datetime(6) NOT NULL, `updated_at` datetime(6) NOT NULL) ROW_FORMAT=DYNAMIC[0m
  [1m[35m (0.7ms)[0m  [1m[34mSELECT RELEASE_LOCK('7621057725905400000')[0m
  [1m[35m (0.3ms)[0m  [1m[35mSET NAMES utf8mb4,  @@SESSION.sql_mode = CONCAT(CONCAT(@@sql_mode, ',STRICT_ALL_TABLES'), ',NO_AUTO_VALUE_ON_ZERO'),  @@SESSION.sql_auto_is_null = 0, @@SESSION.wait_timeout = 2147483[0m
  [1m[35m (4.4ms)[0m  [1m[35mCREATE DATABASE `api_test_development` DEFAULT CHARACTER SET `utf8mb4`[0m
  [1m[35m (0.2ms)[0m  [1m[35mSET NAMES utf8mb4,  @@SESSION.sql_mode = CONCAT(CONCAT(@@sql_mode, ',STRICT_ALL_TABLES'), ',NO_AUTO_VALUE_ON_ZERO'),  @@SESSION.sql_auto_is_null = 0, @@SESSION.wait_timeout = 2147483[0m
  [1m[35m (0.4ms)[0m  [1m[35mCREATE DATABASE `api_test_test` DEFAULT CHARACTER SET `utf8mb4`[0m
  [1m[35m (0.4ms)[0m  [1m[35mSET NAMES utf8mb4,  @@SESSION.sql_mode = CONCAT(CONCAT(@@sql_mode, ',STRICT_ALL_TABLES'), ',NO_AUTO_VALUE_ON_ZERO'),  @@SESSION.sql_auto_is_null = 0, @@SESSION.wait_timeout = 2147483[0m
  [1m[35m (0.2ms)[0m  [1m[34mSELECT @@innodb_file_per_table = 1 AND @@innodb_file_format = 'Barracuda'[0m
  [1m[35m (16.7ms)[0m  [1m[35mCREATE TABLE `schema_migrations` (`version` varchar(255) COLLATE utf8_general_ci NOT NULL PRIMARY KEY) ROW_FORMAT=DYNAMIC[0m
  [1m[35m (83.8ms)[0m  [1m[35mCREATE TABLE `ar_internal_metadata` (`key` varchar(255) COLLATE utf8_general_ci NOT NULL PRIMARY KEY, `value` varchar(255), `created_at` datetime(6) NOT NULL, `updated_at` datetime(6) NOT NULL) ROW_FORMAT=DYNAMIC[0m
  [1m[35m (0.2ms)[0m  [1m[34mSELECT GET_LOCK('7621057725905400000', 0)[0m
  [1m[35m (0.2ms)[0m  [1m[34mSELECT `schema_migrations`.`version` FROM `schema_migrations` ORDER BY `schema_migrations`.`version` ASC[0m
Migrating to CreateProducts (20200216015333)
  [1m[35m (13.6ms)[0m  [1m[35mCREATE TABLE `products` (`id` bigint NOT NULL AUTO_INCREMENT PRIMARY KEY, `product` text, `created_at` datetime(6) NOT NULL, `updated_at` datetime(6) NOT NULL) ROW_FORMAT=DYNAMIC[0m
  [1m[35m (0.7ms)[0m  [1m[35mBEGIN[0m
  [1m[36mprimary::SchemaMigration Create (2.5ms)[0m  [1m[32mINSERT INTO `schema_migrations` (`version`) VALUES ('20200216015333')[0m
  [1m[35m (0.5ms)[0m  [1m[35mCOMMIT[0m
  [1m[36mActiveRecord::InternalMetadata Load (7.0ms)[0m  [1m[34mSELECT `ar_internal_metadata`.* FROM `ar_internal_metadata` WHERE `ar_internal_metadata`.`key` = 'environment' LIMIT 1[0m
  [1m[35m (0.2ms)[0m  [1m[35mBEGIN[0m
  [1m[36mActiveRecord::InternalMetadata Create (1.9ms)[0m  [1m[32mINSERT INTO `ar_internal_metadata` (`key`, `value`, `created_at`, `updated_at`) VALUES ('environment', 'development', '2020-02-16 01:55:31.577184', '2020-02-16 01:55:31.577184')[0m
  [1m[35m (0.3ms)[0m  [1m[35mCOMMIT[0m
  [1m[35m (0.1ms)[0m  [1m[34mSELECT RELEASE_LOCK('7621057725905400000')[0m
  [1m[35m (0.2ms)[0m  [1m[35mSET NAMES utf8mb4,  @@SESSION.sql_mode = CONCAT(CONCAT(@@sql_mode, ',STRICT_ALL_TABLES'), ',NO_AUTO_VALUE_ON_ZERO'),  @@SESSION.sql_auto_is_null = 0, @@SESSION.wait_timeout = 2147483[0m
  [1m[35m (0.2ms)[0m  [1m[34mSELECT `schema_migrations`.`version` FROM `schema_migrations` ORDER BY `schema_migrations`.`version` ASC[0m
  [1m[35m (3.7ms)[0m  [1m[35mSET NAMES utf8mb4,  @@SESSION.sql_mode = CONCAT(CONCAT(@@sql_mode, ',STRICT_ALL_TABLES'), ',NO_AUTO_VALUE_ON_ZERO'),  @@SESSION.sql_auto_is_null = 0, @@SESSION.wait_timeout = 2147483[0m
  [1m[35m (1.2ms)[0m  [1m[34mSELECT `schema_migrations`.`version` FROM `schema_migrations` ORDER BY `schema_migrations`.`version` ASC[0m
  [1m[35m (0.2ms)[0m  [1m[35mSET NAMES utf8mb4,  @@SESSION.sql_mode = CONCAT(CONCAT(@@sql_mode, ',STRICT_ALL_TABLES'), ',NO_AUTO_VALUE_ON_ZERO'),  @@SESSION.sql_auto_is_null = 0, @@SESSION.wait_timeout = 2147483[0m
  [1m[35m (0.1ms)[0m  [1m[35mBEGIN[0m
  [1m[36mProduct Create (1.1ms)[0m  [1m[32mINSERT INTO `products` (`product`, `created_at`, `updated_at`) VALUES ('犬', '2020-02-16 01:56:33.263883', '2020-02-16 01:56:33.263883')[0m
  [1m[35m (3.3ms)[0m  [1m[35mCOMMIT[0m
  [1m[35m (0.1ms)[0m  [1m[35mBEGIN[0m
  [1m[36mProduct Create (1.5ms)[0m  [1m[32mINSERT INTO `products` (`product`, `created_at`, `updated_at`) VALUES ('猫', '2020-02-16 01:56:33.272964', '2020-02-16 01:56:33.272964')[0m
  [1m[35m (0.3ms)[0m  [1m[35mCOMMIT[0m
  [1m[35m (0.1ms)[0m  [1m[35mBEGIN[0m
  [1m[36mProduct Create (0.6ms)[0m  [1m[32mINSERT INTO `products` (`product`, `created_at`, `updated_at`) VALUES ('馬', '2020-02-16 01:56:33.277194', '2020-02-16 01:56:33.277194')[0m
  [1m[35m (0.3ms)[0m  [1m[35mCOMMIT[0m
Started GET "/products/" for ::1 at 2020-02-16 10:57:39 +0900
  [1m[35m (0.5ms)[0m  [1m[35mSET NAMES utf8mb4,  @@SESSION.sql_mode = CONCAT(CONCAT(@@sql_mode, ',STRICT_ALL_TABLES'), ',NO_AUTO_VALUE_ON_ZERO'),  @@SESSION.sql_auto_is_null = 0, @@SESSION.wait_timeout = 2147483[0m
  [1m[35m (0.2ms)[0m  [1m[34mSELECT `schema_migrations`.`version` FROM `schema_migrations` ORDER BY `schema_migrations`.`version` ASC[0m
Processing by ProductsController#index as */*
  [1m[36mProduct Load (0.3ms)[0m  [1m[34mSELECT `products`.* FROM `products`[0m
  ↳ app/controllers/products_controller.rb:5:in `index'
Completed 200 OK in 20ms (Views: 10.2ms | ActiveRecord: 8.0ms | Allocations: 4713)


Started GET "/products/" for ::1 at 2020-02-16 10:58:56 +0900
Processing by ProductsController#index as */*
Completed 500 Internal Server Error in 10ms (ActiveRecord: 0.0ms | Allocations: 3248)


  
NameError (undefined local variable or method `config' for ApplicationRecord(abstract):Class
Did you mean?  concerning):
  
app/models/application_record.rb:4:in `<class:ApplicationRecord>'
app/models/application_record.rb:1:in `<top (required)>'
app/models/product.rb:1:in `<top (required)>'
app/controllers/products_controller.rb:4:in `index'
Started GET "/products/" for ::1 at 2020-02-16 10:59:18 +0900
Processing by ProductsController#index as */*
  [1m[36mProduct Load (0.8ms)[0m  [1m[34mSELECT `products`.* FROM `products`[0m
  ↳ app/controllers/products_controller.rb:5:in `index'
Completed 200 OK in 18ms (Views: 4.1ms | ActiveRecord: 12.7ms | Allocations: 4286)


Started GET "/products/" for ::1 at 2020-02-16 10:59:21 +0900
Processing by ProductsController#index as */*
  [1m[36mProduct Load (0.2ms)[0m  [1m[34mSELECT `products`.* FROM `products`[0m
  ↳ app/controllers/products_controller.rb:5:in `index'
Completed 200 OK in 2ms (Views: 1.2ms | ActiveRecord: 0.2ms | Allocations: 1158)


Started GET "/products/" for ::1 at 2020-02-16 11:02:14 +0900
Processing by ProductsController#index as */*
  [1m[36mProduct Load (13.0ms)[0m  [1m[34mSELECT `products`.* FROM `products`[0m
  ↳ app/controllers/products_controller.rb:5:in `index'
Completed 200 OK in 29ms (Views: 13.0ms | ActiveRecord: 13.0ms | Allocations: 1158)


Started GET "/" for ::1 at 2020-02-16 11:02:38 +0900
Processing by Rails::WelcomeController#index as HTML
  Rendering /Users/ryotaaoyagi/.rbenv/versions/2.5.1/lib/ruby/gems/2.5.0/gems/railties-6.0.2.1/lib/rails/templates/rails/welcome/index.html.erb
  Rendered /Users/ryotaaoyagi/.rbenv/versions/2.5.1/lib/ruby/gems/2.5.0/gems/railties-6.0.2.1/lib/rails/templates/rails/welcome/index.html.erb (Duration: 14.4ms | Allocations: 486)
Completed 200 OK in 35ms (Views: 27.2ms | ActiveRecord: 0.0ms | Allocations: 2647)


Started GET "/favicon.ico" for ::1 at 2020-02-16 11:02:38 +0900
  
ActionController::RoutingError (No route matches [GET] "/favicon.ico"):
  
actionpack (6.0.2.1) lib/action_dispatch/middleware/debug_exceptions.rb:36:in `call'
actionpack (6.0.2.1) lib/action_dispatch/middleware/show_exceptions.rb:33:in `call'
railties (6.0.2.1) lib/rails/rack/logger.rb:38:in `call_app'
railties (6.0.2.1) lib/rails/rack/logger.rb:26:in `block in call'
activesupport (6.0.2.1) lib/active_support/tagged_logging.rb:80:in `block in tagged'
activesupport (6.0.2.1) lib/active_support/tagged_logging.rb:28:in `tagged'
activesupport (6.0.2.1) lib/active_support/tagged_logging.rb:80:in `tagged'
railties (6.0.2.1) lib/rails/rack/logger.rb:26:in `call'
actionpack (6.0.2.1) lib/action_dispatch/middleware/remote_ip.rb:81:in `call'
actionpack (6.0.2.1) lib/action_dispatch/middleware/request_id.rb:27:in `call'
rack (2.2.2) lib/rack/runtime.rb:22:in `call'
activesupport (6.0.2.1) lib/active_support/cache/strategy/local_cache_middleware.rb:29:in `call'
actionpack (6.0.2.1) lib/action_dispatch/middleware/executor.rb:14:in `call'
actionpack (6.0.2.1) lib/action_dispatch/middleware/static.rb:126:in `call'
rack (2.2.2) lib/rack/sendfile.rb:110:in `call'
actionpack (6.0.2.1) lib/action_dispatch/middleware/host_authorization.rb:83:in `call'
railties (6.0.2.1) lib/rails/engine.rb:526:in `call'
puma (4.3.1) lib/puma/configuration.rb:228:in `call'
puma (4.3.1) lib/puma/server.rb:681:in `handle_request'
puma (4.3.1) lib/puma/server.rb:472:in `process_client'
puma (4.3.1) lib/puma/server.rb:328:in `block in run'
puma (4.3.1) lib/puma/thread_pool.rb:134:in `block in spawn_thread'
Started GET "/products" for ::1 at 2020-02-16 11:15:35 +0900
  [1m[35m (6.3ms)[0m  [1m[35mSET NAMES utf8mb4,  @@SESSION.sql_mode = CONCAT(CONCAT(@@sql_mode, ',STRICT_ALL_TABLES'), ',NO_AUTO_VALUE_ON_ZERO'),  @@SESSION.sql_auto_is_null = 0, @@SESSION.wait_timeout = 2147483[0m
  [1m[35m (2.6ms)[0m  [1m[34mSELECT `schema_migrations`.`version` FROM `schema_migrations` ORDER BY `schema_migrations`.`version` ASC[0m
Processing by ProductsController#index as HTML
  [1m[36mProduct Load (0.4ms)[0m  [1m[34mSELECT `products`.* FROM `products`[0m
  ↳ app/controllers/products_controller.rb:5:in `index'
Completed 200 OK in 23ms (Views: 5.1ms | ActiveRecord: 15.8ms | Allocations: 4725)


Started GET "/products" for ::1 at 2020-02-16 11:15:55 +0900
Processing by ProductsController#index as HTML
  [1m[36mProduct Load (0.6ms)[0m  [1m[34mSELECT `products`.* FROM `products`[0m
  ↳ app/controllers/products_controller.rb:5:in `index'
Completed 200 OK in 5ms (Views: 4.0ms | ActiveRecord: 0.6ms | Allocations: 1157)


Started GET "/products" for ::1 at 2020-02-16 11:17:26 +0900
Processing by ProductsController#index as HTML
  [1m[36mProduct Load (9.2ms)[0m  [1m[34mSELECT `products`.* FROM `products`[0m
  ↳ app/controllers/products_controller.rb:5:in `index'
Completed 200 OK in 11ms (Views: 2.0ms | ActiveRecord: 9.2ms | Allocations: 1157)


Started GET "/products" for ::1 at 2020-02-16 11:23:04 +0900
  [1m[35m (3.9ms)[0m  [1m[35mSET NAMES utf8mb4,  @@SESSION.sql_mode = CONCAT(CONCAT(@@sql_mode, ',STRICT_ALL_TABLES'), ',NO_AUTO_VALUE_ON_ZERO'),  @@SESSION.sql_auto_is_null = 0, @@SESSION.wait_timeout = 2147483[0m
Processing by ProductsController#index as HTML
  [1m[36mProduct Load (0.6ms)[0m  [1m[34mSELECT `products`.* FROM `products`[0m
  ↳ app/controllers/products_controller.rb:5:in `index'
Completed 200 OK in 13ms (Views: 10.1ms | ActiveRecord: 0.6ms | Allocations: 1151)


Started GET "/products" for ::1 at 2020-02-16 11:23:19 +0900
Processing by ProductsController#index as HTML
  [1m[36mProduct Load (0.2ms)[0m  [1m[34mSELECT `products`.* FROM `products`[0m
  ↳ app/controllers/products_controller.rb:5:in `index'
Completed 200 OK in 4ms (Views: 3.5ms | ActiveRecord: 0.2ms | Allocations: 1157)


Started GET "/products" for ::1 at 2020-02-16 11:24:27 +0900
Processing by ProductsController#index as HTML
  [1m[36mProduct Load (0.7ms)[0m  [1m[34mSELECT `products`.* FROM `products`[0m
  ↳ app/controllers/products_controller.rb:5:in `index'
Completed 200 OK in 13ms (Views: 11.8ms | ActiveRecord: 0.7ms | Allocations: 1142)


Started GET "/products" for ::1 at 2020-02-16 11:24:57 +0900
Processing by ProductsController#index as HTML
  [1m[36mProduct Load (24.9ms)[0m  [1m[34mSELECT `products`.* FROM `products`[0m
  ↳ app/controllers/products_controller.rb:5:in `index'
Completed 200 OK in 38ms (Views: 13.2ms | ActiveRecord: 24.9ms | Allocations: 1143)


Started GET "/products" for ::1 at 2020-02-16 11:26:18 +0900
Processing by ProductsController#index as HTML
  [1m[36mProduct Load (1.9ms)[0m  [1m[34mSELECT `products`.* FROM `products`[0m
  ↳ app/controllers/products_controller.rb:5:in `index'
Completed 200 OK in 12ms (Views: 10.2ms | ActiveRecord: 1.9ms | Allocations: 1142)


Started GET "/products" for ::1 at 2020-02-16 11:26:37 +0900
Processing by ProductsController#index as HTML
  [1m[36mProduct Load (6.1ms)[0m  [1m[34mSELECT `products`.* FROM `products`[0m
  ↳ app/controllers/products_controller.rb:5:in `index'
Completed 200 OK in 17ms (Views: 10.5ms | ActiveRecord: 6.1ms | Allocations: 1142)


Started GET "/products" for ::1 at 2020-02-16 11:26:38 +0900
Processing by ProductsController#index as HTML
  [1m[36mProduct Load (0.5ms)[0m  [1m[34mSELECT `products`.* FROM `products`[0m
  ↳ app/controllers/products_controller.rb:5:in `index'
Completed 200 OK in 9ms (Views: 7.9ms | ActiveRecord: 0.5ms | Allocations: 1142)


Started GET "/products" for ::1 at 2020-02-16 11:28:11 +0900
Processing by ProductsController#index as HTML
  [1m[36mProduct Load (0.4ms)[0m  [1m[34mSELECT `products`.* FROM `products`[0m
  ↳ app/controllers/products_controller.rb:5:in `index'
Completed 200 OK in 14ms (Views: 12.1ms | ActiveRecord: 0.4ms | Allocations: 1142)


Started GET "/products" for ::1 at 2020-02-16 11:28:14 +0900
Processing by ProductsController#index as HTML
  [1m[36mProduct Load (5.9ms)[0m  [1m[34mSELECT `products`.* FROM `products`[0m
  ↳ app/controllers/products_controller.rb:5:in `index'
Completed 200 OK in 11ms (Views: 4.8ms | ActiveRecord: 5.9ms | Allocations: 1143)


Started POST "/products" for ::1 at 2020-02-16 11:28:29 +0900
Processing by ProductsController#create as HTML
  Parameters: {"product"=>"fa"}
  [1m[35m (12.1ms)[0m  [1m[35mBEGIN[0m
  ↳ app/controllers/products_controller.rb:9:in `create'
  [1m[36mProduct Create (5.9ms)[0m  [1m[32mINSERT INTO `products` (`product`, `created_at`, `updated_at`) VALUES ('fa', '2020-02-16 02:28:29.463574', '2020-02-16 02:28:29.463574')[0m
  ↳ app/controllers/products_controller.rb:9:in `create'
  [1m[35m (11.8ms)[0m  [1m[35mCOMMIT[0m
  ↳ app/controllers/products_controller.rb:9:in `create'
Completed 200 OK in 73ms (Views: 1.6ms | ActiveRecord: 29.8ms | Allocations: 2452)


Started GET "/products" for ::1 at 2020-02-16 11:29:17 +0900
Processing by ProductsController#index as HTML
  [1m[36mProduct Load (2.1ms)[0m  [1m[34mSELECT `products`.* FROM `products`[0m
  ↳ app/controllers/products_controller.rb:5:in `index'
Completed 200 OK in 29ms (Views: 24.3ms | ActiveRecord: 2.1ms | Allocations: 1251)


Started GET "/products" for ::1 at 2020-02-16 11:29:30 +0900
Processing by ProductsController#index as HTML
  [1m[36mProduct Load (0.5ms)[0m  [1m[34mSELECT `products`.* FROM `products`[0m
  ↳ app/controllers/products_controller.rb:5:in `index'
Completed 200 OK in 14ms (Views: 13.4ms | ActiveRecord: 0.5ms | Allocations: 1251)


Started GET "/products" for ::1 at 2020-02-16 11:30:18 +0900
Processing by ProductsController#index as HTML
  [1m[36mProduct Load (0.2ms)[0m  [1m[34mSELECT `products`.* FROM `products`[0m
  ↳ app/controllers/products_controller.rb:5:in `index'
Completed 200 OK in 6ms (Views: 5.2ms | ActiveRecord: 0.2ms | Allocations: 1251)


Started GET "/products" for ::1 at 2020-02-16 11:30:55 +0900
Processing by ProductsController#index as HTML
  [1m[36mProduct Load (0.5ms)[0m  [1m[34mSELECT `products`.* FROM `products`[0m
  ↳ app/controllers/products_controller.rb:5:in `index'
Completed 200 OK in 17ms (Views: 16.2ms | ActiveRecord: 0.5ms | Allocations: 1251)


Started GET "/products" for ::1 at 2020-02-16 11:31:17 +0900
Processing by ProductsController#index as HTML
  [1m[36mProduct Load (2.2ms)[0m  [1m[34mSELECT `products`.* FROM `products`[0m
  ↳ app/controllers/products_controller.rb:5:in `index'
Completed 200 OK in 31ms (Views: 27.8ms | ActiveRecord: 2.2ms | Allocations: 1251)


Started DELETE "/products/1" for ::1 at 2020-02-16 11:32:02 +0900
Processing by ProductsController#destroy as HTML
  Parameters: {"id"=>"1"}
  [1m[36mProduct Load (10.2ms)[0m  [1m[34mSELECT `products`.* FROM `products` WHERE `products`.`id` = 1 LIMIT 1[0m
  ↳ app/controllers/products_controller.rb:20:in `destroy'
  [1m[35m (1.5ms)[0m  [1m[35mBEGIN[0m
  ↳ app/controllers/products_controller.rb:21:in `destroy'
  [1m[36mProduct Destroy (5.6ms)[0m  [1m[31mDELETE FROM `products` WHERE `products`.`id` = 1[0m
  ↳ app/controllers/products_controller.rb:21:in `destroy'
  [1m[35m (6.3ms)[0m  [1m[35mCOMMIT[0m
  ↳ app/controllers/products_controller.rb:21:in `destroy'
Completed 204 No Content in 169ms (ActiveRecord: 23.7ms | Allocations: 5776)


Started DELETE "/products/2" for ::1 at 2020-02-16 11:32:03 +0900
Processing by ProductsController#destroy as HTML
  Parameters: {"id"=>"2"}
  [1m[36mProduct Load (0.4ms)[0m  [1m[34mSELECT `products`.* FROM `products` WHERE `products`.`id` = 2 LIMIT 1[0m
  ↳ app/controllers/products_controller.rb:20:in `destroy'
  [1m[35m (0.1ms)[0m  [1m[35mBEGIN[0m
  ↳ app/controllers/products_controller.rb:21:in `destroy'
  [1m[36mProduct Destroy (2.7ms)[0m  [1m[31mDELETE FROM `products` WHERE `products`.`id` = 2[0m
  ↳ app/controllers/products_controller.rb:21:in `destroy'
  [1m[35m (0.3ms)[0m  [1m[35mCOMMIT[0m
  ↳ app/controllers/products_controller.rb:21:in `destroy'
Completed 204 No Content in 7ms (ActiveRecord: 3.5ms | Allocations: 2321)


Started DELETE "/products/3" for ::1 at 2020-02-16 11:32:03 +0900
Processing by ProductsController#destroy as HTML
  Parameters: {"id"=>"3"}
  [1m[36mProduct Load (0.4ms)[0m  [1m[34mSELECT `products`.* FROM `products` WHERE `products`.`id` = 3 LIMIT 1[0m
  ↳ app/controllers/products_controller.rb:20:in `destroy'
  [1m[35m (0.1ms)[0m  [1m[35mBEGIN[0m
  ↳ app/controllers/products_controller.rb:21:in `destroy'
  [1m[36mProduct Destroy (2.2ms)[0m  [1m[31mDELETE FROM `products` WHERE `products`.`id` = 3[0m
  ↳ app/controllers/products_controller.rb:21:in `destroy'
  [1m[35m (0.6ms)[0m  [1m[35mCOMMIT[0m
  ↳ app/controllers/products_controller.rb:21:in `destroy'
Completed 204 No Content in 8ms (ActiveRecord: 3.4ms | Allocations: 2320)


Started DELETE "/products/4" for ::1 at 2020-02-16 11:32:04 +0900
Processing by ProductsController#destroy as HTML
  Parameters: {"id"=>"4"}
  [1m[36mProduct Load (0.3ms)[0m  [1m[34mSELECT `products`.* FROM `products` WHERE `products`.`id` = 4 LIMIT 1[0m
  ↳ app/controllers/products_controller.rb:20:in `destroy'
  [1m[35m (0.1ms)[0m  [1m[35mBEGIN[0m
  ↳ app/controllers/products_controller.rb:21:in `destroy'
  [1m[36mProduct Destroy (1.0ms)[0m  [1m[31mDELETE FROM `products` WHERE `products`.`id` = 4[0m
  ↳ app/controllers/products_controller.rb:21:in `destroy'
  [1m[35m (0.5ms)[0m  [1m[35mCOMMIT[0m
  ↳ app/controllers/products_controller.rb:21:in `destroy'
Completed 204 No Content in 6ms (ActiveRecord: 1.9ms | Allocations: 2321)


Started POST "/products" for ::1 at 2020-02-16 11:32:09 +0900
Processing by ProductsController#create as HTML
  Parameters: {"product"=>"fa"}
  [1m[35m (0.1ms)[0m  [1m[35mBEGIN[0m
  ↳ app/controllers/products_controller.rb:9:in `create'
  [1m[36mProduct Create (6.1ms)[0m  [1m[32mINSERT INTO `products` (`product`, `created_at`, `updated_at`) VALUES ('fa', '2020-02-16 02:32:09.962688', '2020-02-16 02:32:09.962688')[0m
  ↳ app/controllers/products_controller.rb:9:in `create'
  [1m[35m (5.6ms)[0m  [1m[35mCOMMIT[0m
  ↳ app/controllers/products_controller.rb:9:in `create'
Completed 200 OK in 33ms (Views: 0.4ms | ActiveRecord: 11.9ms | Allocations: 2247)


Started GET "/products" for ::1 at 2020-02-16 11:32:56 +0900
Processing by ProductsController#index as HTML
  [1m[36mProduct Load (0.7ms)[0m  [1m[34mSELECT `products`.* FROM `products`[0m
  ↳ app/controllers/products_controller.rb:5:in `index'
Completed 200 OK in 18ms (Views: 14.9ms | ActiveRecord: 0.7ms | Allocations: 926)


Started POST "/products" for ::1 at 2020-02-16 11:33:36 +0900
Processing by ProductsController#create as HTML
  Parameters: {"product"=>"kkkk"}
  [1m[35m (0.2ms)[0m  [1m[35mBEGIN[0m
  ↳ app/controllers/products_controller.rb:9:in `create'
  [1m[36mProduct Create (4.6ms)[0m  [1m[32mINSERT INTO `products` (`product`, `created_at`, `updated_at`) VALUES ('kkkk', '2020-02-16 02:33:36.020154', '2020-02-16 02:33:36.020154')[0m
  ↳ app/controllers/products_controller.rb:9:in `create'
  [1m[35m (4.5ms)[0m  [1m[35mCOMMIT[0m
  ↳ app/controllers/products_controller.rb:9:in `create'
Completed 200 OK in 47ms (Views: 2.9ms | ActiveRecord: 9.3ms | Allocations: 2250)


Started PATCH "/products/6" for ::1 at 2020-02-16 11:33:40 +0900
Processing by ProductsController#update as HTML
  Parameters: {"product"=>"hhhh", "id"=>"6"}
  [1m[36mProduct Load (2.1ms)[0m  [1m[34mSELECT `products`.* FROM `products` WHERE `products`.`id` = 6 LIMIT 1[0m
  ↳ app/controllers/products_controller.rb:14:in `update'
DEPRECATION WARNING: update_attributes is deprecated and will be removed from Rails 6.1 (please, use update instead) (called from update at /Users/ryotaaoyagi/api-test/app/controllers/products_controller.rb:15)
  [1m[35m (0.2ms)[0m  [1m[35mBEGIN[0m
  ↳ app/controllers/products_controller.rb:15:in `update'
  [1m[36mProduct Update (6.9ms)[0m  [1m[33mUPDATE `products` SET `products`.`product` = 'hhhh', `products`.`updated_at` = '2020-02-16 02:33:40.234209' WHERE `products`.`id` = 6[0m
  ↳ app/controllers/products_controller.rb:15:in `update'
  [1m[35m (3.9ms)[0m  [1m[35mCOMMIT[0m
  ↳ app/controllers/products_controller.rb:15:in `update'
Completed 200 OK in 56ms (Views: 5.1ms | ActiveRecord: 13.1ms | Allocations: 3053)


Started PATCH "/products/6" for ::1 at 2020-02-16 11:33:41 +0900
Processing by ProductsController#update as HTML
  Parameters: {"product"=>"hhhh", "id"=>"6"}
  [1m[36mProduct Load (0.3ms)[0m  [1m[34mSELECT `products`.* FROM `products` WHERE `products`.`id` = 6 LIMIT 1[0m
  ↳ app/controllers/products_controller.rb:14:in `update'
DEPRECATION WARNING: update_attributes is deprecated and will be removed from Rails 6.1 (please, use update instead) (called from update at /Users/ryotaaoyagi/api-test/app/controllers/products_controller.rb:15)
Completed 200 OK in 5ms (Views: 0.4ms | ActiveRecord: 0.3ms | Allocations: 899)


Started PATCH "/products/6" for ::1 at 2020-02-16 11:33:42 +0900
Processing by ProductsController#update as HTML
  Parameters: {"product"=>"hhhh", "id"=>"6"}
  [1m[36mProduct Load (0.3ms)[0m  [1m[34mSELECT `products`.* FROM `products` WHERE `products`.`id` = 6 LIMIT 1[0m
  ↳ app/controllers/products_controller.rb:14:in `update'
DEPRECATION WARNING: update_attributes is deprecated and will be removed from Rails 6.1 (please, use update instead) (called from update at /Users/ryotaaoyagi/api-test/app/controllers/products_controller.rb:15)
Completed 200 OK in 4ms (Views: 0.3ms | ActiveRecord: 0.3ms | Allocations: 898)


Started PATCH "/products/6" for ::1 at 2020-02-16 11:33:42 +0900
Processing by ProductsController#update as HTML
  Parameters: {"product"=>"hhhh", "id"=>"6"}
  [1m[36mProduct Load (0.3ms)[0m  [1m[34mSELECT `products`.* FROM `products` WHERE `products`.`id` = 6 LIMIT 1[0m
  ↳ app/controllers/products_controller.rb:14:in `update'
DEPRECATION WARNING: update_attributes is deprecated and will be removed from Rails 6.1 (please, use update instead) (called from update at /Users/ryotaaoyagi/api-test/app/controllers/products_controller.rb:15)
Completed 200 OK in 2ms (Views: 0.3ms | ActiveRecord: 0.3ms | Allocations: 897)


Started PATCH "/products/6" for ::1 at 2020-02-16 11:34:13 +0900
Processing by ProductsController#update as HTML
  Parameters: {"product"=>"hhhh", "id"=>"6"}
  [1m[36mProduct Load (0.5ms)[0m  [1m[34mSELECT `products`.* FROM `products` WHERE `products`.`id` = 6 LIMIT 1[0m
  ↳ app/controllers/products_controller.rb:14:in `update'
DEPRECATION WARNING: update_attributes is deprecated and will be removed from Rails 6.1 (please, use update instead) (called from update at /Users/ryotaaoyagi/api-test/app/controllers/products_controller.rb:15)
Completed 200 OK in 3ms (Views: 0.4ms | ActiveRecord: 0.5ms | Allocations: 899)


Started PATCH "/products/5" for ::1 at 2020-02-16 11:34:14 +0900
Processing by ProductsController#update as HTML
  Parameters: {"product"=>"", "id"=>"5"}
  [1m[36mProduct Load (0.3ms)[0m  [1m[34mSELECT `products`.* FROM `products` WHERE `products`.`id` = 5 LIMIT 1[0m
  ↳ app/controllers/products_controller.rb:14:in `update'
DEPRECATION WARNING: update_attributes is deprecated and will be removed from Rails 6.1 (please, use update instead) (called from update at /Users/ryotaaoyagi/api-test/app/controllers/products_controller.rb:15)
  [1m[35m (0.1ms)[0m  [1m[35mBEGIN[0m
  ↳ app/controllers/products_controller.rb:15:in `update'
  [1m[36mProduct Update (4.8ms)[0m  [1m[33mUPDATE `products` SET `products`.`product` = '', `products`.`updated_at` = '2020-02-16 02:34:14.884941' WHERE `products`.`id` = 5[0m
  ↳ app/controllers/products_controller.rb:15:in `update'
  [1m[35m (3.8ms)[0m  [1m[35mCOMMIT[0m
  ↳ app/controllers/products_controller.rb:15:in `update'
Completed 200 OK in 18ms (Views: 0.4ms | ActiveRecord: 9.1ms | Allocations: 3003)


Started PATCH "/products/5" for ::1 at 2020-02-16 11:34:47 +0900
Processing by ProductsController#update as HTML
  Parameters: {"product"=>"iii", "id"=>"5"}
  [1m[36mProduct Load (11.8ms)[0m  [1m[34mSELECT `products`.* FROM `products` WHERE `products`.`id` = 5 LIMIT 1[0m
  ↳ app/controllers/products_controller.rb:14:in `update'
DEPRECATION WARNING: update_attributes is deprecated and will be removed from Rails 6.1 (please, use update instead) (called from update at /Users/ryotaaoyagi/api-test/app/controllers/products_controller.rb:15)
  [1m[35m (0.2ms)[0m  [1m[35mBEGIN[0m
  ↳ app/controllers/products_controller.rb:15:in `update'
  [1m[36mProduct Update (5.4ms)[0m  [1m[33mUPDATE `products` SET `products`.`product` = 'iii', `products`.`updated_at` = '2020-02-16 02:34:47.995986' WHERE `products`.`id` = 5[0m
  ↳ app/controllers/products_controller.rb:15:in `update'
  [1m[35m (4.1ms)[0m  [1m[35mCOMMIT[0m
  ↳ app/controllers/products_controller.rb:15:in `update'
Completed 200 OK in 90ms (Views: 3.5ms | ActiveRecord: 21.5ms | Allocations: 3003)


Started DELETE "/products/5" for ::1 at 2020-02-16 11:34:55 +0900
Processing by ProductsController#destroy as HTML
  Parameters: {"id"=>"5"}
  [1m[36mProduct Load (0.9ms)[0m  [1m[34mSELECT `products`.* FROM `products` WHERE `products`.`id` = 5 LIMIT 1[0m
  ↳ app/controllers/products_controller.rb:20:in `destroy'
  [1m[35m (0.2ms)[0m  [1m[35mBEGIN[0m
  ↳ app/controllers/products_controller.rb:21:in `destroy'
  [1m[36mProduct Destroy (0.3ms)[0m  [1m[31mDELETE FROM `products` WHERE `products`.`id` = 5[0m
  ↳ app/controllers/products_controller.rb:21:in `destroy'
  [1m[35m (4.6ms)[0m  [1m[35mCOMMIT[0m
  ↳ app/controllers/products_controller.rb:21:in `destroy'
Completed 204 No Content in 17ms (ActiveRecord: 6.0ms | Allocations: 2320)


Started POST "/products" for ::1 at 2020-02-16 11:35:02 +0900
Processing by ProductsController#create as HTML
  Parameters: {"product"=>"hhhh"}
  [1m[35m (0.3ms)[0m  [1m[35mBEGIN[0m
  ↳ app/controllers/products_controller.rb:9:in `create'
  [1m[36mProduct Create (0.3ms)[0m  [1m[32mINSERT INTO `products` (`product`, `created_at`, `updated_at`) VALUES ('hhhh', '2020-02-16 02:35:02.991974', '2020-02-16 02:35:02.991974')[0m
  ↳ app/controllers/products_controller.rb:9:in `create'
  [1m[35m (3.9ms)[0m  [1m[35mCOMMIT[0m
  ↳ app/controllers/products_controller.rb:9:in `create'
Completed 200 OK in 13ms (Views: 1.0ms | ActiveRecord: 4.5ms | Allocations: 2248)


Started POST "/products" for ::1 at 2020-02-16 11:35:07 +0900
Processing by ProductsController#create as HTML
  Parameters: {"product"=>"kkkkkkkk"}
  [1m[35m (0.2ms)[0m  [1m[35mBEGIN[0m
  ↳ app/controllers/products_controller.rb:9:in `create'
  [1m[36mProduct Create (0.3ms)[0m  [1m[32mINSERT INTO `products` (`product`, `created_at`, `updated_at`) VALUES ('kkkkkkkk', '2020-02-16 02:35:07.045094', '2020-02-16 02:35:07.045094')[0m
  ↳ app/controllers/products_controller.rb:9:in `create'
  [1m[35m (3.2ms)[0m  [1m[35mCOMMIT[0m
  ↳ app/controllers/products_controller.rb:9:in `create'
Completed 200 OK in 13ms (Views: 1.6ms | ActiveRecord: 3.7ms | Allocations: 2247)


Started GET "/products" for ::1 at 2020-02-16 13:25:26 +0900
  [1m[35m (306.1ms)[0m  [1m[35mSET NAMES utf8mb4,  @@SESSION.sql_mode = CONCAT(CONCAT(@@sql_mode, ',STRICT_ALL_TABLES'), ',NO_AUTO_VALUE_ON_ZERO'),  @@SESSION.sql_auto_is_null = 0, @@SESSION.wait_timeout = 2147483[0m
Processing by ProductsController#index as HTML
  [1m[36mProduct Load (45.0ms)[0m  [1m[34mSELECT `products`.* FROM `products`[0m
  ↳ app/controllers/products_controller.rb:5:in `index'
Completed 200 OK in 74ms (Views: 24.8ms | ActiveRecord: 45.0ms | Allocations: 1141)


Started GET "/products" for ::1 at 2020-02-16 13:29:05 +0900
Processing by ProductsController#index as HTML
  [1m[36mProduct Load (37.9ms)[0m  [1m[34mSELECT `products`.* FROM `products`[0m
  ↳ app/controllers/products_controller.rb:5:in `index'
Completed 200 OK in 74ms (Views: 32.6ms | ActiveRecord: 37.9ms | Allocations: 1142)


Started GET "/products" for ::1 at 2020-02-16 13:30:43 +0900
Processing by ProductsController#index as HTML
  [1m[36mProduct Load (48.8ms)[0m  [1m[34mSELECT `products`.* FROM `products`[0m
  ↳ app/controllers/products_controller.rb:5:in `index'
Completed 200 OK in 102ms (Views: 40.4ms | ActiveRecord: 48.8ms | Allocations: 1142)


Started GET "/products" for ::1 at 2020-02-16 13:33:19 +0900
Processing by ProductsController#index as HTML
  [1m[36mProduct Load (87.2ms)[0m  [1m[34mSELECT `products`.* FROM `products`[0m
  ↳ app/controllers/products_controller.rb:5:in `index'
Completed 200 OK in 128ms (Views: 37.2ms | ActiveRecord: 87.2ms | Allocations: 1142)


Started GET "/products" for ::1 at 2020-02-16 13:35:51 +0900
Processing by ProductsController#index as HTML
  [1m[36mProduct Load (10.3ms)[0m  [1m[34mSELECT `products`.* FROM `products`[0m
  ↳ app/controllers/products_controller.rb:5:in `index'
Completed 200 OK in 162ms (Views: 139.0ms | ActiveRecord: 10.3ms | Allocations: 1142)


Started GET "/products" for ::1 at 2020-02-16 13:36:12 +0900
Processing by ProductsController#index as HTML
  [1m[36mProduct Load (0.4ms)[0m  [1m[34mSELECT `products`.* FROM `products`[0m
  ↳ app/controllers/products_controller.rb:5:in `index'
Completed 200 OK in 9ms (Views: 8.4ms | ActiveRecord: 0.4ms | Allocations: 1143)


Started GET "/products" for ::1 at 2020-02-16 13:38:08 +0900
  [1m[35m (6.3ms)[0m  [1m[35mSET NAMES utf8mb4,  @@SESSION.sql_mode = CONCAT(CONCAT(@@sql_mode, ',STRICT_ALL_TABLES'), ',NO_AUTO_VALUE_ON_ZERO'),  @@SESSION.sql_auto_is_null = 0, @@SESSION.wait_timeout = 2147483[0m
  [1m[35m (4.0ms)[0m  [1m[34mSELECT `schema_migrations`.`version` FROM `schema_migrations` ORDER BY `schema_migrations`.`version` ASC[0m
Processing by ProductsController#index as HTML
  [1m[36mProduct Load (3.4ms)[0m  [1m[34mSELECT `products`.* FROM `products`[0m
  ↳ app/controllers/products_controller.rb:5:in `index'
Completed 200 OK in 23ms (Views: 5.8ms | ActiveRecord: 15.0ms | Allocations: 4725)


Started GET "/products" for ::1 at 2020-02-16 13:45:21 +0900
  [1m[35m (10.1ms)[0m  [1m[35mSET NAMES utf8mb4,  @@SESSION.sql_mode = CONCAT(CONCAT(@@sql_mode, ',STRICT_ALL_TABLES'), ',NO_AUTO_VALUE_ON_ZERO'),  @@SESSION.sql_auto_is_null = 0, @@SESSION.wait_timeout = 2147483[0m
Processing by ProductsController#index as HTML
  [1m[36mProduct Load (9.0ms)[0m  [1m[34mSELECT `products`.* FROM `products`[0m
  ↳ app/controllers/products_controller.rb:5:in `index'
Completed 200 OK in 24ms (Views: 10.9ms | ActiveRecord: 9.0ms | Allocations: 1151)


Started GET "/products" for ::1 at 2020-02-16 13:45:42 +0900
Processing by ProductsController#index as HTML
  [1m[36mProduct Load (41.8ms)[0m  [1m[34mSELECT `products`.* FROM `products`[0m
  ↳ app/controllers/products_controller.rb:5:in `index'
Completed 200 OK in 61ms (Views: 19.4ms | ActiveRecord: 41.8ms | Allocations: 1157)


Started GET "/products" for ::1 at 2020-02-16 13:45:59 +0900
Processing by ProductsController#index as HTML
  [1m[36mProduct Load (2.2ms)[0m  [1m[34mSELECT `products`.* FROM `products`[0m
  ↳ app/controllers/products_controller.rb:5:in `index'
Completed 200 OK in 34ms (Views: 27.8ms | ActiveRecord: 2.2ms | Allocations: 1157)


Started GET "/products" for ::1 at 2020-02-16 13:46:10 +0900
  [1m[35m (3.8ms)[0m  [1m[35mSET NAMES utf8mb4,  @@SESSION.sql_mode = CONCAT(CONCAT(@@sql_mode, ',STRICT_ALL_TABLES'), ',NO_AUTO_VALUE_ON_ZERO'),  @@SESSION.sql_auto_is_null = 0, @@SESSION.wait_timeout = 2147483[0m
  [1m[35m (0.3ms)[0m  [1m[34mSELECT `schema_migrations`.`version` FROM `schema_migrations` ORDER BY `schema_migrations`.`version` ASC[0m
Processing by ProductsController#index as HTML
  [1m[36mProduct Load (0.4ms)[0m  [1m[34mSELECT `products`.* FROM `products`[0m
  ↳ app/controllers/products_controller.rb:5:in `index'
Completed 200 OK in 15ms (Views: 5.2ms | ActiveRecord: 7.4ms | Allocations: 4725)


Started GET "/products" for ::1 at 2020-02-16 13:47:21 +0900
Processing by ProductsController#index as HTML
  [1m[36mProduct Load (51.0ms)[0m  [1m[34mSELECT `products`.* FROM `products`[0m
  ↳ app/controllers/products_controller.rb:5:in `index'
Completed 200 OK in 55ms (Views: 3.3ms | ActiveRecord: 51.0ms | Allocations: 1157)


Started GET "/products" for ::1 at 2020-02-16 13:47:33 +0900
Processing by ProductsController#index as HTML
  [1m[36mProduct Load (5.7ms)[0m  [1m[34mSELECT `products`.* FROM `products`[0m
  ↳ app/controllers/products_controller.rb:5:in `index'
Completed 200 OK in 9ms (Views: 2.0ms | ActiveRecord: 5.7ms | Allocations: 1157)


Started GET "/products" for ::1 at 2020-02-16 13:48:01 +0900
Processing by ProductsController#index as HTML
  [1m[36mProduct Load (0.3ms)[0m  [1m[34mSELECT `products`.* FROM `products`[0m
  ↳ app/controllers/products_controller.rb:5:in `index'
Completed 200 OK in 3ms (Views: 2.1ms | ActiveRecord: 0.3ms | Allocations: 1157)


Started GET "/products" for ::1 at 2020-02-16 13:48:21 +0900
Processing by ProductsController#index as HTML
  [1m[36mProduct Load (0.6ms)[0m  [1m[34mSELECT `products`.* FROM `products`[0m
  ↳ app/controllers/products_controller.rb:5:in `index'
Completed 200 OK in 7ms (Views: 5.8ms | ActiveRecord: 0.6ms | Allocations: 1157)


Started POST "/products" for ::1 at 2020-02-16 13:50:00 +0900
Processing by ProductsController#create as HTML
  Parameters: {"product"=>"っっっg"}
  [1m[35m (4.5ms)[0m  [1m[35mBEGIN[0m
  ↳ app/controllers/products_controller.rb:9:in `create'
  [1m[36mProduct Create (58.6ms)[0m  [1m[32mINSERT INTO `products` (`product`, `created_at`, `updated_at`) VALUES ('っっっg', '2020-02-16 04:50:00.613358', '2020-02-16 04:50:00.613358')[0m
  ↳ app/controllers/products_controller.rb:9:in `create'
  [1m[35m (21.0ms)[0m  [1m[35mCOMMIT[0m
  ↳ app/controllers/products_controller.rb:9:in `create'
Completed 200 OK in 145ms (Views: 3.7ms | ActiveRecord: 84.2ms | Allocations: 2458)


Started PATCH "/products/9" for ::1 at 2020-02-16 13:50:05 +0900
Processing by ProductsController#update as HTML
  Parameters: {"product"=>"っっっs", "id"=>"9"}
  [1m[36mProduct Load (6.2ms)[0m  [1m[34mSELECT `products`.* FROM `products` WHERE `products`.`id` = 9 LIMIT 1[0m
  ↳ app/controllers/products_controller.rb:14:in `update'
DEPRECATION WARNING: update_attributes is deprecated and will be removed from Rails 6.1 (please, use update instead) (called from update at /Users/ryotaaoyagi/api-test/app/controllers/products_controller.rb:15)
  [1m[35m (0.2ms)[0m  [1m[35mBEGIN[0m
  ↳ app/controllers/products_controller.rb:15:in `update'
  [1m[36mProduct Update (8.6ms)[0m  [1m[33mUPDATE `products` SET `products`.`product` = 'っっっs', `products`.`updated_at` = '2020-02-16 04:50:05.504354' WHERE `products`.`id` = 9[0m
  ↳ app/controllers/products_controller.rb:15:in `update'
  [1m[35m (4.8ms)[0m  [1m[35mCOMMIT[0m
  ↳ app/controllers/products_controller.rb:15:in `update'
Completed 200 OK in 56ms (Views: 0.3ms | ActiveRecord: 19.8ms | Allocations: 6489)


Started PATCH "/products/9" for ::1 at 2020-02-16 13:50:07 +0900
Processing by ProductsController#update as HTML
  Parameters: {"product"=>"っっっs", "id"=>"9"}
  [1m[36mProduct Load (0.3ms)[0m  [1m[34mSELECT `products`.* FROM `products` WHERE `products`.`id` = 9 LIMIT 1[0m
  ↳ app/controllers/products_controller.rb:14:in `update'
DEPRECATION WARNING: update_attributes is deprecated and will be removed from Rails 6.1 (please, use update instead) (called from update at /Users/ryotaaoyagi/api-test/app/controllers/products_controller.rb:15)
Completed 200 OK in 5ms (Views: 1.1ms | ActiveRecord: 0.3ms | Allocations: 900)


Started PATCH "/products/9" for ::1 at 2020-02-16 13:50:09 +0900
Processing by ProductsController#update as HTML
  Parameters: {"product"=>"っっっsっっh", "id"=>"9"}
  [1m[36mProduct Load (0.3ms)[0m  [1m[34mSELECT `products`.* FROM `products` WHERE `products`.`id` = 9 LIMIT 1[0m
  ↳ app/controllers/products_controller.rb:14:in `update'
DEPRECATION WARNING: update_attributes is deprecated and will be removed from Rails 6.1 (please, use update instead) (called from update at /Users/ryotaaoyagi/api-test/app/controllers/products_controller.rb:15)
  [1m[35m (0.2ms)[0m  [1m[35mBEGIN[0m
  ↳ app/controllers/products_controller.rb:15:in `update'
  [1m[36mProduct Update (3.1ms)[0m  [1m[33mUPDATE `products` SET `products`.`product` = 'っっっsっっh', `products`.`updated_at` = '2020-02-16 04:50:09.231569' WHERE `products`.`id` = 9[0m
  ↳ app/controllers/products_controller.rb:15:in `update'
  [1m[35m (0.4ms)[0m  [1m[35mCOMMIT[0m
  ↳ app/controllers/products_controller.rb:15:in `update'
Completed 200 OK in 13ms (Views: 0.4ms | ActiveRecord: 4.0ms | Allocations: 3008)


Started DELETE "/products/9" for ::1 at 2020-02-16 13:50:10 +0900
Processing by ProductsController#destroy as HTML
  Parameters: {"id"=>"9"}
  [1m[36mProduct Load (0.4ms)[0m  [1m[34mSELECT `products`.* FROM `products` WHERE `products`.`id` = 9 LIMIT 1[0m
  ↳ app/controllers/products_controller.rb:20:in `destroy'
  [1m[35m (0.1ms)[0m  [1m[35mBEGIN[0m
  ↳ app/controllers/products_controller.rb:21:in `destroy'
  [1m[36mProduct Destroy (5.1ms)[0m  [1m[31mDELETE FROM `products` WHERE `products`.`id` = 9[0m
  ↳ app/controllers/products_controller.rb:21:in `destroy'
  [1m[35m (0.2ms)[0m  [1m[35mCOMMIT[0m
  ↳ app/controllers/products_controller.rb:21:in `destroy'
Completed 204 No Content in 11ms (ActiveRecord: 5.9ms | Allocations: 2345)


Started DELETE "/products/8" for ::1 at 2020-02-16 13:50:11 +0900
Processing by ProductsController#destroy as HTML
  Parameters: {"id"=>"8"}
  [1m[36mProduct Load (0.3ms)[0m  [1m[34mSELECT `products`.* FROM `products` WHERE `products`.`id` = 8 LIMIT 1[0m
  ↳ app/controllers/products_controller.rb:20:in `destroy'
  [1m[35m (0.1ms)[0m  [1m[35mBEGIN[0m
  ↳ app/controllers/products_controller.rb:21:in `destroy'
  [1m[36mProduct Destroy (4.9ms)[0m  [1m[31mDELETE FROM `products` WHERE `products`.`id` = 8[0m
  ↳ app/controllers/products_controller.rb:21:in `destroy'
  [1m[35m (4.1ms)[0m  [1m[35mCOMMIT[0m
  ↳ app/controllers/products_controller.rb:21:in `destroy'
Completed 204 No Content in 16ms (ActiveRecord: 9.5ms | Allocations: 2320)


Started PATCH "/products/7" for ::1 at 2020-02-16 13:50:14 +0900
Processing by ProductsController#update as HTML
  Parameters: {"product"=>"っっっっj", "id"=>"7"}
  [1m[36mProduct Load (0.3ms)[0m  [1m[34mSELECT `products`.* FROM `products` WHERE `products`.`id` = 7 LIMIT 1[0m
  ↳ app/controllers/products_controller.rb:14:in `update'
DEPRECATION WARNING: update_attributes is deprecated and will be removed from Rails 6.1 (please, use update instead) (called from update at /Users/ryotaaoyagi/api-test/app/controllers/products_controller.rb:15)
  [1m[35m (0.1ms)[0m  [1m[35mBEGIN[0m
  ↳ app/controllers/products_controller.rb:15:in `update'
  [1m[36mProduct Update (0.2ms)[0m  [1m[33mUPDATE `products` SET `products`.`product` = 'っっっっj', `products`.`updated_at` = '2020-02-16 04:50:14.519866' WHERE `products`.`id` = 7[0m
  ↳ app/controllers/products_controller.rb:15:in `update'
  [1m[35m (18.4ms)[0m  [1m[35mCOMMIT[0m
  ↳ app/controllers/products_controller.rb:15:in `update'
Completed 200 OK in 25ms (Views: 0.6ms | ActiveRecord: 19.1ms | Allocations: 3003)


Started PATCH "/products/7" for ::1 at 2020-02-16 13:55:52 +0900
Processing by ProductsController#update as HTML
  Parameters: {"product"=>"っっっっj", "id"=>"7"}
  [1m[36mProduct Load (4.3ms)[0m  [1m[34mSELECT `products`.* FROM `products` WHERE `products`.`id` = 7 LIMIT 1[0m
  ↳ app/controllers/products_controller.rb:14:in `update'
DEPRECATION WARNING: update_attributes is deprecated and will be removed from Rails 6.1 (please, use update instead) (called from update at /Users/ryotaaoyagi/api-test/app/controllers/products_controller.rb:15)
Completed 200 OK in 37ms (Views: 4.0ms | ActiveRecord: 4.3ms | Allocations: 897)


Started PATCH "/products/6" for ::1 at 2020-02-16 13:55:53 +0900
Processing by ProductsController#update as HTML
  Parameters: {"product"=>"", "id"=>"6"}
  [1m[36mProduct Load (0.4ms)[0m  [1m[34mSELECT `products`.* FROM `products` WHERE `products`.`id` = 6 LIMIT 1[0m
  ↳ app/controllers/products_controller.rb:14:in `update'
DEPRECATION WARNING: update_attributes is deprecated and will be removed from Rails 6.1 (please, use update instead) (called from update at /Users/ryotaaoyagi/api-test/app/controllers/products_controller.rb:15)
  [1m[35m (0.2ms)[0m  [1m[35mBEGIN[0m
  ↳ app/controllers/products_controller.rb:15:in `update'
  [1m[36mProduct Update (0.5ms)[0m  [1m[33mUPDATE `products` SET `products`.`product` = '', `products`.`updated_at` = '2020-02-16 04:55:53.047555' WHERE `products`.`id` = 6[0m
  ↳ app/controllers/products_controller.rb:15:in `update'
  [1m[35m (21.0ms)[0m  [1m[35mCOMMIT[0m
  ↳ app/controllers/products_controller.rb:15:in `update'
Completed 200 OK in 44ms (Views: 0.8ms | ActiveRecord: 22.0ms | Allocations: 3003)


Started PATCH "/products/7" for ::1 at 2020-02-16 13:55:55 +0900
Processing by ProductsController#update as HTML
  Parameters: {"product"=>"っっっっj", "id"=>"7"}
  [1m[36mProduct Load (0.5ms)[0m  [1m[34mSELECT `products`.* FROM `products` WHERE `products`.`id` = 7 LIMIT 1[0m
  ↳ app/controllers/products_controller.rb:14:in `update'
DEPRECATION WARNING: update_attributes is deprecated and will be removed from Rails 6.1 (please, use update instead) (called from update at /Users/ryotaaoyagi/api-test/app/controllers/products_controller.rb:15)
Completed 200 OK in 5ms (Views: 0.4ms | ActiveRecord: 0.5ms | Allocations: 899)


Started PATCH "/products/7" for ::1 at 2020-02-16 13:56:02 +0900
Processing by ProductsController#update as HTML
  Parameters: {"product"=>"っっj", "id"=>"7"}
  [1m[36mProduct Load (0.3ms)[0m  [1m[34mSELECT `products`.* FROM `products` WHERE `products`.`id` = 7 LIMIT 1[0m
  ↳ app/controllers/products_controller.rb:14:in `update'
DEPRECATION WARNING: update_attributes is deprecated and will be removed from Rails 6.1 (please, use update instead) (called from update at /Users/ryotaaoyagi/api-test/app/controllers/products_controller.rb:15)
  [1m[35m (0.1ms)[0m  [1m[35mBEGIN[0m
  ↳ app/controllers/products_controller.rb:15:in `update'
  [1m[36mProduct Update (4.4ms)[0m  [1m[33mUPDATE `products` SET `products`.`product` = 'っっj', `products`.`updated_at` = '2020-02-16 04:56:02.640004' WHERE `products`.`id` = 7[0m
  ↳ app/controllers/products_controller.rb:15:in `update'
  [1m[35m (34.3ms)[0m  [1m[35mCOMMIT[0m
  ↳ app/controllers/products_controller.rb:15:in `update'
Completed 200 OK in 56ms (Views: 0.9ms | ActiveRecord: 39.2ms | Allocations: 3003)


Started PATCH "/products/6" for ::1 at 2020-02-16 13:56:04 +0900
Processing by ProductsController#update as HTML
  Parameters: {"product"=>"っっ", "id"=>"6"}
  [1m[36mProduct Load (1.4ms)[0m  [1m[34mSELECT `products`.* FROM `products` WHERE `products`.`id` = 6 LIMIT 1[0m
  ↳ app/controllers/products_controller.rb:14:in `update'
DEPRECATION WARNING: update_attributes is deprecated and will be removed from Rails 6.1 (please, use update instead) (called from update at /Users/ryotaaoyagi/api-test/app/controllers/products_controller.rb:15)
  [1m[35m (0.2ms)[0m  [1m[35mBEGIN[0m
  ↳ app/controllers/products_controller.rb:15:in `update'
  [1m[36mProduct Update (16.6ms)[0m  [1m[33mUPDATE `products` SET `products`.`product` = 'っっ', `products`.`updated_at` = '2020-02-16 04:56:04.922358' WHERE `products`.`id` = 6[0m
  ↳ app/controllers/products_controller.rb:15:in `update'
  [1m[35m (0.5ms)[0m  [1m[35mCOMMIT[0m
  ↳ app/controllers/products_controller.rb:15:in `update'
Completed 200 OK in 98ms (Views: 0.5ms | ActiveRecord: 18.6ms | Allocations: 3006)


Started DELETE "/products/6" for ::1 at 2020-02-16 13:56:05 +0900
Processing by ProductsController#destroy as HTML
  Parameters: {"id"=>"6"}
  [1m[36mProduct Load (0.3ms)[0m  [1m[34mSELECT `products`.* FROM `products` WHERE `products`.`id` = 6 LIMIT 1[0m
  ↳ app/controllers/products_controller.rb:20:in `destroy'
  [1m[35m (0.1ms)[0m  [1m[35mBEGIN[0m
  ↳ app/controllers/products_controller.rb:21:in `destroy'
  [1m[36mProduct Destroy (5.8ms)[0m  [1m[31mDELETE FROM `products` WHERE `products`.`id` = 6[0m
  ↳ app/controllers/products_controller.rb:21:in `destroy'
  [1m[35m (3.6ms)[0m  [1m[35mCOMMIT[0m
  ↳ app/controllers/products_controller.rb:21:in `destroy'
Completed 204 No Content in 15ms (ActiveRecord: 9.8ms | Allocations: 2320)


Started POST "/products" for ::1 at 2020-02-16 13:56:10 +0900
Processing by ProductsController#create as HTML
  Parameters: {"product"=>"s"}
  [1m[35m (0.1ms)[0m  [1m[35mBEGIN[0m
  ↳ app/controllers/products_controller.rb:9:in `create'
  [1m[36mProduct Create (0.2ms)[0m  [1m[32mINSERT INTO `products` (`product`, `created_at`, `updated_at`) VALUES ('s', '2020-02-16 04:56:10.782240', '2020-02-16 04:56:10.782240')[0m
  ↳ app/controllers/products_controller.rb:9:in `create'
  [1m[35m (4.3ms)[0m  [1m[35mCOMMIT[0m
  ↳ app/controllers/products_controller.rb:9:in `create'
Completed 200 OK in 10ms (Views: 0.4ms | ActiveRecord: 4.6ms | Allocations: 2247)


Started POST "/products" for ::1 at 2020-02-16 13:56:12 +0900
Processing by ProductsController#create as HTML
  Parameters: {"product"=>"s"}
  [1m[35m (0.1ms)[0m  [1m[35mBEGIN[0m
  ↳ app/controllers/products_controller.rb:9:in `create'
  [1m[36mProduct Create (0.8ms)[0m  [1m[32mINSERT INTO `products` (`product`, `created_at`, `updated_at`) VALUES ('s', '2020-02-16 04:56:12.713543', '2020-02-16 04:56:12.713543')[0m
  ↳ app/controllers/products_controller.rb:9:in `create'
  [1m[35m (5.1ms)[0m  [1m[35mCOMMIT[0m
  ↳ app/controllers/products_controller.rb:9:in `create'
Completed 200 OK in 9ms (Views: 0.3ms | ActiveRecord: 6.0ms | Allocations: 2248)


Started POST "/products" for ::1 at 2020-02-16 13:56:14 +0900
Processing by ProductsController#create as HTML
  Parameters: {"product"=>"っっd"}
  [1m[35m (0.2ms)[0m  [1m[35mBEGIN[0m
  ↳ app/controllers/products_controller.rb:9:in `create'
  [1m[36mProduct Create (5.9ms)[0m  [1m[32mINSERT INTO `products` (`product`, `created_at`, `updated_at`) VALUES ('っっd', '2020-02-16 04:56:14.841231', '2020-02-16 04:56:14.841231')[0m
  ↳ app/controllers/products_controller.rb:9:in `create'
  [1m[35m (4.1ms)[0m  [1m[35mCOMMIT[0m
  ↳ app/controllers/products_controller.rb:9:in `create'
Completed 200 OK in 14ms (Views: 0.3ms | ActiveRecord: 10.2ms | Allocations: 2247)


Started POST "/products" for ::1 at 2020-02-16 13:56:17 +0900
Processing by ProductsController#create as HTML
  Parameters: {"product"=>"っっっっっっr"}
  [1m[35m (0.1ms)[0m  [1m[35mBEGIN[0m
  ↳ app/controllers/products_controller.rb:9:in `create'
  [1m[36mProduct Create (7.9ms)[0m  [1m[32mINSERT INTO `products` (`product`, `created_at`, `updated_at`) VALUES ('っっっっっっr', '2020-02-16 04:56:17.134594', '2020-02-16 04:56:17.134594')[0m
  ↳ app/controllers/products_controller.rb:9:in `create'
  [1m[35m (3.8ms)[0m  [1m[35mCOMMIT[0m
  ↳ app/controllers/products_controller.rb:9:in `create'
Completed 200 OK in 17ms (Views: 0.3ms | ActiveRecord: 11.8ms | Allocations: 2248)


Started PATCH "/products/13" for ::1 at 2020-02-16 13:56:20 +0900
Processing by ProductsController#update as HTML
  Parameters: {"product"=>"", "id"=>"13"}
  [1m[36mProduct Load (0.3ms)[0m  [1m[34mSELECT `products`.* FROM `products` WHERE `products`.`id` = 13 LIMIT 1[0m
  ↳ app/controllers/products_controller.rb:14:in `update'
DEPRECATION WARNING: update_attributes is deprecated and will be removed from Rails 6.1 (please, use update instead) (called from update at /Users/ryotaaoyagi/api-test/app/controllers/products_controller.rb:15)
  [1m[35m (0.2ms)[0m  [1m[35mBEGIN[0m
  ↳ app/controllers/products_controller.rb:15:in `update'
  [1m[36mProduct Update (0.3ms)[0m  [1m[33mUPDATE `products` SET `products`.`product` = '', `products`.`updated_at` = '2020-02-16 04:56:20.728734' WHERE `products`.`id` = 13[0m
  ↳ app/controllers/products_controller.rb:15:in `update'
  [1m[35m (3.2ms)[0m  [1m[35mCOMMIT[0m
  ↳ app/controllers/products_controller.rb:15:in `update'
Completed 200 OK in 10ms (Views: 0.3ms | ActiveRecord: 3.9ms | Allocations: 3004)


Started DELETE "/products/13" for ::1 at 2020-02-16 13:56:21 +0900
Processing by ProductsController#destroy as HTML
  Parameters: {"id"=>"13"}
  [1m[36mProduct Load (0.3ms)[0m  [1m[34mSELECT `products`.* FROM `products` WHERE `products`.`id` = 13 LIMIT 1[0m
  ↳ app/controllers/products_controller.rb:20:in `destroy'
  [1m[35m (0.1ms)[0m  [1m[35mBEGIN[0m
  ↳ app/controllers/products_controller.rb:21:in `destroy'
  [1m[36mProduct Destroy (0.9ms)[0m  [1m[31mDELETE FROM `products` WHERE `products`.`id` = 13[0m
  ↳ app/controllers/products_controller.rb:21:in `destroy'
  [1m[35m (0.4ms)[0m  [1m[35mCOMMIT[0m
  ↳ app/controllers/products_controller.rb:21:in `destroy'
Completed 204 No Content in 6ms (ActiveRecord: 1.8ms | Allocations: 2320)


